13:21:22 - INFO - app.py - START
13:21:22 - INFO - app.py - App Logger: Logging configuration is complete.
13:21:23 - INFO - background.py - Background: User has triggered the SuperMastermind.exe application.
13:21:23 - INFO - background.py - Background: SuperMastermind application has started running.
13:21:23 - INFO - main_window.py - UI: Main Window instantiated.
13:21:23 - INFO - main_window.py - UI: Initialized App-state Variables.
13:21:23 - INFO - main_window.py - UI: Initialized UI Display.
13:21:23 - INFO - main_window.py - UI Display: Created Game Layout - Main Panel.
13:21:23 - INFO - main_window.py - ---
13:21:23 - INFO - main_window.py - UI Handler: Handling home screen display >>>
13:21:23 - INFO - main_window.py - UI Handler: Cleared the Main Panel area.
13:21:23 - INFO - main_window.py - UI Handler: Completed resetting the App-State Variables.
13:21:23 - INFO - main_window.py - UI Display: Rendering home screen display...
13:21:23 - INFO - background.py - UI Background: Loading background image for HOME screen...
13:21:23 - INFO - logics.py - Util: Converting relative path to absolute path...
13:21:23 - INFO - logics.py - Util: Converted relative path to absolute path for the asset.
13:21:23 - INFO - background.py - UI Background: Loaded background image for HOME screen.
13:21:23 - INFO - main_window.py - UI Display: Loaded home screen content area.
13:21:23 - INFO - main_window.py - UI Display: Completed rendering home screen display.
13:21:23 - INFO - main_window.py - UI Display: Displaying home screen.
13:21:24 - INFO - main_window.py - UI Handler: Completed handling home screen display <<<
13:21:24 - INFO - main_window.py - ---
13:21:27 - INFO - main_window.py - ---
13:21:27 - INFO - main_window.py - UI Handler: User has clicked the 'NEW GAME' button on home screen.
13:21:27 - INFO - main_window.py - UI Handler: Handling choose task screen display >>>
13:21:27 - INFO - main_window.py - UI Handler: Cleared the Main Panel area.
13:21:27 - INFO - main_window.py - UI Display: Rendering choose task screen display...
13:21:27 - INFO - background.py - UI Background: Loading background image for CHOOSE TASK screen...
13:21:27 - INFO - logics.py - Util: Converting relative path to absolute path...
13:21:27 - INFO - logics.py - Util: Converted relative path to absolute path for the asset.
13:21:27 - INFO - background.py - UI Background: Loaded background image for CHOOSE TASK screen.
13:21:27 - INFO - main_window.py - UI Display: Loaded choose task screen content area.
13:21:27 - INFO - main_window.py - UI Display: Completed rendering choose task screen display.
13:21:27 - INFO - main_window.py - UI Display: Displaying choose task screen.
13:21:28 - INFO - main_window.py - UI Handler: Completed handling choose task screen display <<<
13:21:28 - INFO - main_window.py - ---
13:21:30 - INFO - main_window.py - UI Handler: User has selected SET-CODE option on choose task screen.
13:21:30 - INFO - main_window.py - UI Handler: User's Role: SET-CODE | System's Role: DE-CODE
13:21:30 - INFO - main_window.py - ---
13:21:30 - INFO - main_window.py - UI Handler: Handling gameplay load screen display >>>
13:21:30 - INFO - main_window.py - UI Handler: Cleared the Main Panel area.
13:21:30 - INFO - main_window.py - UI Display: Rendering gameplay load screen display...
13:21:30 - INFO - main_window.py - UI Display: Completed rendering gameplay load screen display.
13:21:30 - INFO - main_window.py - UI Display: Displaying gameplay load screen.
13:21:30 - INFO - main_window.py - UI Handler: Completed handling gameplay load screen display <<<
13:21:30 - INFO - main_window.py - ---
13:21:35 - INFO - main_window.py - ---
13:21:35 - INFO - main_window.py - UI Handler: Handling gameplay screen display >>>
13:21:35 - INFO - main_window.py - UI Handler: Cleared the Main Panel area.
13:21:35 - INFO - main_window.py - UI Display: Rendering gameplay screen display...
13:21:35 - INFO - main_window.py - UI Display: Creating left panel (screen A) on gameplay screen...
13:21:35 - INFO - main_window.py - UI Display: Completed rendering the left panel (screen A) on gameplay screen.
13:21:35 - INFO - main_window.py - UI Display: Creating center board (screen B) on gameplay screen...
13:21:35 - INFO - main_window.py - UI Display: Rendering the Screen-B Board for current decoder: SYSTEM...
13:21:35 - INFO - main_window.py - UI Display: Creating the header frame in Screen-B for current code-setter...
13:21:35 - INFO - main_window.py - UI Display: Created turn-label for Header.
13:21:35 - INFO - main_window.py - UI Display: Created Header Peg Slot Row for user.
13:21:35 - INFO - main_window.py - UI Display: Created turn-label for Header.
13:21:35 - INFO - main_window.py - UI Display: Created the header frame in Screen-B for current code-setter.
13:21:35 - INFO - main_window.py - UI Display: Completed rendering Screen-B Board for the current decoder.
13:21:35 - INFO - main_window.py - UI Display: Completed rendering the center board (screen B) on gameplay screen.
13:21:35 - INFO - main_window.py - UI Display: Creating right panel (screen C) on gameplay screen...
13:21:36 - INFO - main_window.py - UI Display: Creating chat message for Screen-C >>>
13:21:36 - INFO - main_window.py - UI Display: Sender: SYSTEM | Message: So Mr. Player, welcome to SuperMastermind.
Since neither of us wants to waste our time, let's get started.
Click on the 'START' button to start.
13:21:36 - INFO - main_window.py - UI Display: Completed creating chat message in Screen-C <<<
13:21:36 - INFO - main_window.py - UI Display: Creating chat message for Screen-C >>>
13:21:36 - INFO - main_window.py - UI Display: Sender: SYSTEM | Message: Since you have chosen to set code first,
you will set the code first, and I will start decoding once you're ready.
13:21:36 - INFO - main_window.py - UI Display: Completed creating chat message in Screen-C <<<
13:21:36 - INFO - main_window.py - UI Display: Completed rendering the right panel (screen C) on gameplay screen.
13:21:36 - INFO - main_window.py - UI Display: Creating chat message for Screen-C >>>
13:21:36 - INFO - main_window.py - UI Display: Sender: SYSTEM | Message: At any point in time during the game,
if you want to be a LOSER and want to exit the game, click on the EXIT button below.
13:21:36 - INFO - main_window.py - UI Display: Completed creating chat message in Screen-C <<<
13:21:36 - INFO - main_window.py - UI Display: Creating chat message for Screen-C >>>
13:21:36 - INFO - main_window.py - UI Display: Sender: YOU | Message: Sure bro. Let's get started.
I ain't quitting without winning. You better don't whine after I win.
13:21:36 - INFO - main_window.py - UI Display: Completed creating chat message in Screen-C <<<
13:21:36 - INFO - main_window.py - UI Display: Completed rendering gameplay screen display.
13:21:36 - INFO - main_window.py - UI Display: Displaying gameplay screen.
13:21:36 - INFO - main_window.py - UI Handler: Completed handling gameplay screen display <<<
13:21:36 - INFO - main_window.py - ---
13:21:40 - INFO - main_window.py - ---
13:21:40 - INFO - main_window.py - Gameflow Handler: Handling gameplay flow...
13:21:40 - INFO - main_window.py - Gameflow Handler: Current User Role: SET-CODE
13:21:40 - INFO - main_window.py - Gameflow Handler: Current System Role: DE-CODE
13:21:40 - INFO - main_window.py - Gameflow Handler: Starting system decode game.
13:21:40 - INFO - main_window.py - Gameflow Handler: Handling User's start set-code | System's start decode game...
13:21:40 - INFO - main_window.py - Gameflow Handler: Disabled the 'START' gameplay button on Screen-A.
13:21:40 - INFO - main_window.py - User Gameplay: Enabling User's Header row peg slot buttons...
13:21:40 - INFO - main_window.py - User Gameplay: Enabled User's header row peg slot buttons.
13:21:40 - INFO - main_window.py - User Gameplay: Enabled the header row peg slot buttons for user to fill colours.
13:21:40 - INFO - main_window.py - UI Display: Creating chat message for Screen-C >>>
13:21:40 - INFO - main_window.py - UI Display: Sender: SYSTEM | Message: Yo Noob! You can SET CODE now.
Let's see how many turns I take to crack it.
13:21:40 - INFO - main_window.py - UI Display: Completed creating chat message in Screen-C <<<
13:21:40 - INFO - main_window.py - UI Display: Creating chat message for Screen-C >>>
13:21:40 - INFO - main_window.py - UI Display: Sender: YOU | Message: You ain't cracking my code, Noobie.
Not now. Now in an eternity! Keep whining.
13:21:40 - INFO - main_window.py - UI Display: Completed creating chat message in Screen-C <<<
13:21:40 - INFO - main_window.py - Gameflow Handler: Completed handling User's start set-code | System's start decode game.
13:21:40 - INFO - main_window.py - Gameflow Handler: Completed handling gameplay flow.
13:21:40 - INFO - main_window.py - ---
13:21:44 - INFO - main_window.py - User Gameplay: User has opened the colour dropdown on Peg-1 in the header slot.
13:21:46 - INFO - main_window.py - User Gameplay: User has set GREEN colour in Peg-1 in the header slot.
13:21:46 - INFO - main_window.py - User Gameplay: Checking if header slot is filled...
13:21:46 - INFO - main_window.py - User Gameplay: Header slot not yet filled fully.
13:21:47 - INFO - main_window.py - User Gameplay: User has opened the colour dropdown on Peg-2 in the header slot.
13:21:49 - INFO - main_window.py - User Gameplay: User has set BLACK colour in Peg-2 in the header slot.
13:21:49 - INFO - main_window.py - User Gameplay: Checking if header slot is filled...
13:21:49 - INFO - main_window.py - User Gameplay: Header slot not yet filled fully.
13:21:50 - INFO - main_window.py - User Gameplay: User has opened the colour dropdown on Peg-3 in the header slot.
13:21:51 - INFO - main_window.py - User Gameplay: User has set WHITE colour in Peg-3 in the header slot.
13:21:51 - INFO - main_window.py - User Gameplay: Checking if header slot is filled...
13:21:51 - INFO - main_window.py - User Gameplay: Header slot not yet filled fully.
13:21:52 - INFO - main_window.py - User Gameplay: User has opened the colour dropdown on Peg-4 in the header slot.
13:21:53 - INFO - main_window.py - User Gameplay: User has set GREEN colour in Peg-4 in the header slot.
13:21:53 - INFO - main_window.py - User Gameplay: Checking if header slot is filled...
13:21:53 - INFO - main_window.py - User Gameplay: Header slot not yet filled fully.
13:21:54 - INFO - main_window.py - User Gameplay: User has opened the colour dropdown on Peg-5 in the header slot.
13:21:55 - INFO - main_window.py - User Gameplay: User has set GREEN colour in Peg-5 in the header slot.
13:21:55 - INFO - main_window.py - User Gameplay: Checking if header slot is filled...
13:21:55 - INFO - main_window.py - User Gameplay: Header slot is filled.
13:21:55 - INFO - main_window.py - User Gameplay:  User's Header Slot Button Colors: ['#04FF00', '#000000', '#FFFFFF', '#04FF00', '#04FF00']
13:21:55 - INFO - main_window.py - User Gameplay: Enabled the 'ENCRYPT CODE' button for user's header slot.
13:21:56 - INFO - main_window.py - User Gameplay: Encrypting the User's code...
13:21:57 - INFO - main_window.py - User Gameplay: Enabled 'VIEW CODE' button to view User's Code.
13:21:57 - INFO - main_window.py - User Gameplay: Completed encrypting the User's code.
13:21:57 - INFO - main_window.py - System Gameplay: Activating System's turn. Turn Number: 1
13:21:57 - INFO - main_window.py - UI Display: Creating TLPSF Row for current decoder: SYSTEM for current turn: 1...
13:21:57 - INFO - main_window.py - UI Display: Created turn-label for turn number: 1
13:21:57 - INFO - main_window.py - UI Display: Created normal peg slot row for system's decoding turn.
13:21:57 - INFO - main_window.py - UI Display: Created feedback-label for turn number: 1
13:21:57 - INFO - main_window.py - UI Display: Created TLPSF Row for current decoder: SYSTEM for current turn: 1
13:21:57 - INFO - main_window.py - System Gameplay: Code set by user is ['#04FF00', '#000000', '#FFFFFF', '#04FF00', '#04FF00']
13:21:57 - INFO - main_window.py - System Gameplay: Filling the current row with system's guess...
13:21:57 - INFO - logics.py - Util: Creating the colour code...
13:21:57 - INFO - logics.py - Util: Created the colour code: ['#6B1700', '#9900FF', '#9900FF', '#FF6F00', '#6B1700']
13:21:57 - INFO - main_window.py - System Gameplay: Generated system's first guess: ['#6B1700', '#9900FF', '#9900FF', '#FF6F00', '#6B1700']
13:21:57 - INFO - main_window.py - System Gameplay: Current Turn: 1| System's Guess: ['#6B1700', '#9900FF', '#9900FF', '#FF6F00', '#6B1700']
13:21:57 - INFO - main_window.py - System Gameplay: Enabled the 'VALIDATE CODE' button for colour validation.
13:21:57 - INFO - main_window.py - System Gameplay: Completed filling the current row with system's guess.
13:21:59 - INFO - main_window.py - System Gameplay: Disabling System's peg slot buttons...
13:21:59 - INFO - main_window.py - System Gameplay: Completed disabling System's peg slot buttons.
13:21:59 - INFO - logics.py - Util: Evaluating the guess against the secret code...
13:21:59 - INFO - logics.py - Util: Evaluted the guess and generated the feedback.
13:21:59 - INFO - main_window.py - Validation Handler: Turn: 1 | Feedback: ❌❌❌❌❌
13:21:59 - INFO - main_window.py - UI Display: Creating chat message for Screen-C >>>
13:21:59 - INFO - main_window.py - UI Display: Sender: YOU | Message: Turn Number: 1

Feedback to your guess: ❌❌❌❌❌
13:21:59 - INFO - main_window.py - UI Display: Completed creating chat message in Screen-C <<<
13:21:59 - INFO - main_window.py - System Gameplay: Activating System's turn. Turn Number: 2
13:21:59 - INFO - main_window.py - UI Display: Creating TLPSF Row for current decoder: SYSTEM for current turn: 2...
13:21:59 - INFO - main_window.py - UI Display: Created turn-label for turn number: 2
13:21:59 - INFO - main_window.py - UI Display: Created normal peg slot row for system's decoding turn.
13:21:59 - INFO - main_window.py - UI Display: Created feedback-label for turn number: 2
13:21:59 - INFO - main_window.py - UI Display: Created TLPSF Row for current decoder: SYSTEM for current turn: 2
13:21:59 - INFO - main_window.py - System Gameplay: Code set by user is ['#04FF00', '#000000', '#FFFFFF', '#04FF00', '#04FF00']
13:21:59 - INFO - main_window.py - System Gameplay: Filling the current row with system's guess...
13:21:59 - INFO - main_window.py - System Gameplay: Generated system's next guess: ('#FF0000', '#FF0000', '#FF0000', '#FF0000', '#FF0000')
13:21:59 - INFO - main_window.py - System Gameplay: Current Turn: 2| System's Guess: ('#FF0000', '#FF0000', '#FF0000', '#FF0000', '#FF0000')
13:21:59 - INFO - main_window.py - System Gameplay: Enabled the 'VALIDATE CODE' button for colour validation.
13:21:59 - INFO - main_window.py - System Gameplay: Completed filling the current row with system's guess.
13:22:01 - INFO - main_window.py - System Gameplay: Disabling System's peg slot buttons...
13:22:01 - INFO - main_window.py - System Gameplay: Completed disabling System's peg slot buttons.
13:22:01 - INFO - logics.py - Util: Evaluating the guess against the secret code...
13:22:01 - INFO - logics.py - Util: Evaluted the guess and generated the feedback.
13:22:01 - INFO - main_window.py - Validation Handler: Turn: 2 | Feedback: ❌❌❌❌❌
13:22:01 - INFO - main_window.py - UI Display: Creating chat message for Screen-C >>>
13:22:01 - INFO - main_window.py - UI Display: Sender: YOU | Message: Turn Number: 2

Feedback to your guess: ❌❌❌❌❌
13:22:01 - INFO - main_window.py - UI Display: Completed creating chat message in Screen-C <<<
13:22:01 - INFO - main_window.py - System Gameplay: Activating System's turn. Turn Number: 3
13:22:01 - INFO - main_window.py - UI Display: Creating TLPSF Row for current decoder: SYSTEM for current turn: 3...
13:22:01 - INFO - main_window.py - UI Display: Created turn-label for turn number: 3
13:22:01 - INFO - main_window.py - UI Display: Created normal peg slot row for system's decoding turn.
13:22:01 - INFO - main_window.py - UI Display: Created feedback-label for turn number: 3
13:22:01 - INFO - main_window.py - UI Display: Created TLPSF Row for current decoder: SYSTEM for current turn: 3
13:22:01 - INFO - main_window.py - System Gameplay: Code set by user is ['#04FF00', '#000000', '#FFFFFF', '#04FF00', '#04FF00']
13:22:01 - INFO - main_window.py - System Gameplay: Filling the current row with system's guess...
13:22:01 - INFO - main_window.py - System Gameplay: Generated system's next guess: ('#F6FF00', '#F6FF00', '#F6FF00', '#F6FF00', '#F6FF00')
13:22:01 - INFO - main_window.py - System Gameplay: Current Turn: 3| System's Guess: ('#F6FF00', '#F6FF00', '#F6FF00', '#F6FF00', '#F6FF00')
13:22:01 - INFO - main_window.py - System Gameplay: Enabled the 'VALIDATE CODE' button for colour validation.
13:22:01 - INFO - main_window.py - System Gameplay: Completed filling the current row with system's guess.
13:22:03 - INFO - main_window.py - System Gameplay: Disabling System's peg slot buttons...
13:22:03 - INFO - main_window.py - System Gameplay: Completed disabling System's peg slot buttons.
13:22:03 - INFO - logics.py - Util: Evaluating the guess against the secret code...
13:22:03 - INFO - logics.py - Util: Evaluted the guess and generated the feedback.
13:22:03 - INFO - main_window.py - Validation Handler: Turn: 3 | Feedback: ❌❌❌❌❌
13:22:03 - INFO - main_window.py - UI Display: Creating chat message for Screen-C >>>
13:22:03 - INFO - main_window.py - UI Display: Sender: YOU | Message: Turn Number: 3

Feedback to your guess: ❌❌❌❌❌
13:22:03 - INFO - main_window.py - UI Display: Completed creating chat message in Screen-C <<<
13:22:03 - INFO - main_window.py - System Gameplay: Activating System's turn. Turn Number: 4
13:22:03 - INFO - main_window.py - UI Display: Creating TLPSF Row for current decoder: SYSTEM for current turn: 4...
13:22:03 - INFO - main_window.py - UI Display: Created turn-label for turn number: 4
13:22:03 - INFO - main_window.py - UI Display: Created normal peg slot row for system's decoding turn.
13:22:03 - INFO - main_window.py - UI Display: Created feedback-label for turn number: 4
13:22:03 - INFO - main_window.py - UI Display: Created TLPSF Row for current decoder: SYSTEM for current turn: 4
13:22:03 - INFO - main_window.py - System Gameplay: Code set by user is ['#04FF00', '#000000', '#FFFFFF', '#04FF00', '#04FF00']
13:22:03 - INFO - main_window.py - System Gameplay: Filling the current row with system's guess...
13:22:03 - INFO - main_window.py - System Gameplay: Generated system's next guess: ('#04FF00', '#04FF00', '#04FF00', '#04FF00', '#04FF00')
13:22:03 - INFO - main_window.py - System Gameplay: Current Turn: 4| System's Guess: ('#04FF00', '#04FF00', '#04FF00', '#04FF00', '#04FF00')
13:22:03 - INFO - main_window.py - System Gameplay: Enabled the 'VALIDATE CODE' button for colour validation.
13:22:03 - INFO - main_window.py - System Gameplay: Completed filling the current row with system's guess.
13:22:05 - INFO - main_window.py - System Gameplay: Disabling System's peg slot buttons...
13:22:05 - INFO - main_window.py - System Gameplay: Completed disabling System's peg slot buttons.
13:22:05 - INFO - logics.py - Util: Evaluating the guess against the secret code...
13:22:05 - INFO - logics.py - Util: Evaluted the guess and generated the feedback.
13:22:05 - INFO - main_window.py - Validation Handler: Turn: 4 | Feedback: ✅❌❌✅✅
13:22:05 - INFO - main_window.py - UI Display: Creating chat message for Screen-C >>>
13:22:05 - INFO - main_window.py - UI Display: Sender: YOU | Message: Turn Number: 4

Feedback to your guess: ✅❌❌✅✅
13:22:05 - INFO - main_window.py - UI Display: Completed creating chat message in Screen-C <<<
13:22:05 - INFO - main_window.py - System Gameplay: Activating System's turn. Turn Number: 5
13:22:05 - INFO - main_window.py - UI Display: Creating TLPSF Row for current decoder: SYSTEM for current turn: 5...
13:22:05 - INFO - main_window.py - UI Display: Created turn-label for turn number: 5
13:22:05 - INFO - main_window.py - UI Display: Created normal peg slot row for system's decoding turn.
13:22:05 - INFO - main_window.py - UI Display: Created feedback-label for turn number: 5
13:22:05 - INFO - main_window.py - UI Display: Created TLPSF Row for current decoder: SYSTEM for current turn: 5
13:22:05 - INFO - main_window.py - System Gameplay: Code set by user is ['#04FF00', '#000000', '#FFFFFF', '#04FF00', '#04FF00']
13:22:05 - INFO - main_window.py - System Gameplay: Filling the current row with system's guess...
13:22:05 - INFO - main_window.py - System Gameplay: Generated system's next guess: ('#04FF00', '#04FF00', '#04FF00', '#0048FF', '#0048FF')
13:22:05 - INFO - main_window.py - System Gameplay: Current Turn: 5| System's Guess: ('#04FF00', '#04FF00', '#04FF00', '#0048FF', '#0048FF')
13:22:05 - INFO - main_window.py - System Gameplay: Enabled the 'VALIDATE CODE' button for colour validation.
13:22:05 - INFO - main_window.py - System Gameplay: Completed filling the current row with system's guess.
13:22:09 - INFO - main_window.py - System Gameplay: Disabling System's peg slot buttons...
13:22:09 - INFO - main_window.py - System Gameplay: Completed disabling System's peg slot buttons.
13:22:09 - INFO - logics.py - Util: Evaluating the guess against the secret code...
13:22:09 - INFO - logics.py - Util: Evaluted the guess and generated the feedback.
13:22:09 - INFO - main_window.py - Validation Handler: Turn: 5 | Feedback: ✅⚠️⚠️❌❌
13:22:09 - INFO - main_window.py - UI Display: Creating chat message for Screen-C >>>
13:22:09 - INFO - main_window.py - UI Display: Sender: YOU | Message: Turn Number: 5

Feedback to your guess: ✅⚠️⚠️❌❌
13:22:09 - INFO - main_window.py - UI Display: Completed creating chat message in Screen-C <<<
13:22:09 - INFO - main_window.py - System Gameplay: Activating System's turn. Turn Number: 6
13:22:09 - INFO - main_window.py - UI Display: Creating TLPSF Row for current decoder: SYSTEM for current turn: 6...
13:22:09 - INFO - main_window.py - UI Display: Created turn-label for turn number: 6
13:22:09 - INFO - main_window.py - UI Display: Created normal peg slot row for system's decoding turn.
13:22:09 - INFO - main_window.py - UI Display: Created feedback-label for turn number: 6
13:22:09 - INFO - main_window.py - UI Display: Created TLPSF Row for current decoder: SYSTEM for current turn: 6
13:22:09 - INFO - main_window.py - System Gameplay: Code set by user is ['#04FF00', '#000000', '#FFFFFF', '#04FF00', '#04FF00']
13:22:09 - INFO - main_window.py - System Gameplay: Filling the current row with system's guess...
13:22:09 - INFO - main_window.py - System Gameplay: Generated system's next guess: ('#04FF00', '#000000', '#000000', '#04FF00', '#04FF00')
13:22:09 - INFO - main_window.py - System Gameplay: Current Turn: 6| System's Guess: ('#04FF00', '#000000', '#000000', '#04FF00', '#04FF00')
13:22:09 - INFO - main_window.py - System Gameplay: Enabled the 'VALIDATE CODE' button for colour validation.
13:22:09 - INFO - main_window.py - System Gameplay: Completed filling the current row with system's guess.
13:22:13 - INFO - main_window.py - System Gameplay: Disabling System's peg slot buttons...
13:22:13 - INFO - main_window.py - System Gameplay: Completed disabling System's peg slot buttons.
13:22:13 - INFO - logics.py - Util: Evaluating the guess against the secret code...
13:22:13 - INFO - logics.py - Util: Evaluted the guess and generated the feedback.
13:22:13 - INFO - main_window.py - Validation Handler: Turn: 6 | Feedback: ✅✅❌✅✅
13:22:13 - INFO - main_window.py - UI Display: Creating chat message for Screen-C >>>
13:22:13 - INFO - main_window.py - UI Display: Sender: YOU | Message: Turn Number: 6

Feedback to your guess: ✅✅❌✅✅
13:22:13 - INFO - main_window.py - UI Display: Completed creating chat message in Screen-C <<<
13:22:13 - INFO - main_window.py - System Gameplay: Activating System's turn. Turn Number: 7
13:22:13 - INFO - main_window.py - UI Display: Creating TLPSF Row for current decoder: SYSTEM for current turn: 7...
13:22:13 - INFO - main_window.py - UI Display: Created turn-label for turn number: 7
13:22:13 - INFO - main_window.py - UI Display: Created normal peg slot row for system's decoding turn.
13:22:13 - INFO - main_window.py - UI Display: Created feedback-label for turn number: 7
13:22:13 - INFO - main_window.py - UI Display: Created TLPSF Row for current decoder: SYSTEM for current turn: 7
13:22:13 - INFO - main_window.py - System Gameplay: Code set by user is ['#04FF00', '#000000', '#FFFFFF', '#04FF00', '#04FF00']
13:22:13 - INFO - main_window.py - System Gameplay: Filling the current row with system's guess...
13:22:13 - INFO - main_window.py - System Gameplay: Generated system's next guess: ('#04FF00', '#000000', '#FFFFFF', '#04FF00', '#04FF00')
13:22:13 - INFO - main_window.py - System Gameplay: Current Turn: 7| System's Guess: ('#04FF00', '#000000', '#FFFFFF', '#04FF00', '#04FF00')
13:22:13 - INFO - main_window.py - System Gameplay: Enabled the 'VALIDATE CODE' button for colour validation.
13:22:13 - INFO - main_window.py - System Gameplay: Completed filling the current row with system's guess.
13:22:15 - INFO - main_window.py - System Gameplay: Disabling System's peg slot buttons...
13:22:15 - INFO - main_window.py - System Gameplay: Completed disabling System's peg slot buttons.
13:22:15 - INFO - logics.py - Util: Evaluating the guess against the secret code...
13:22:15 - INFO - logics.py - Util: Evaluted the guess and generated the feedback.
13:22:15 - INFO - main_window.py - Validation Handler: Turn: 7 | Feedback: ✅✅✅✅✅
13:22:15 - INFO - main_window.py - UI Display: Creating chat message for Screen-C >>>
13:22:15 - INFO - main_window.py - UI Display: Sender: YOU | Message: Turn Number: 7

Feedback to your guess: ✅✅✅✅✅
13:22:15 - INFO - main_window.py - UI Display: Completed creating chat message in Screen-C <<<
13:22:15 - INFO - main_window.py - User Gameplay: System has cracked the user's code.
13:22:15 - INFO - main_window.py - User Gameplay: Displayed the User's Code: ['#04FF00', '#000000', '#FFFFFF', '#04FF00', '#04FF00']
13:22:15 - INFO - main_window.py - User Gameplay: Disabled the additional button in the User's Header slot.
13:22:15 - INFO - main_window.py - User Gameplay: Completed handling user code after system decode.
13:22:15 - INFO - main_window.py - Validation Handler: Number of turns taken by system to crack the code: 7
13:22:15 - INFO - main_window.py - UI Display: Creating chat message for Screen-C >>>
13:22:15 - INFO - main_window.py - UI Display: Sender: YOU | Message: Well Noobie! Good for you.
You finally were able to crack it. Not bad, huh!
13:22:15 - INFO - main_window.py - UI Display: Completed creating chat message in Screen-C <<<
13:22:15 - INFO - main_window.py - UI Display: Creating chat message for Screen-C >>>
13:22:15 - INFO - main_window.py - UI Display: Sender: SYSTEM | Message: Time to move on to next step.
We swap our turns now. Click on the 'NEXT' button to begin.
Then, click on SET/START as you see fit.
13:22:15 - INFO - main_window.py - UI Display: Completed creating chat message in Screen-C <<<
13:22:34 - INFO - main_window.py - ---
13:22:34 - INFO - main_window.py - Gameflow Handler: Handling gameplay transition...
13:22:34 - INFO - main_window.py - Gameflow Handler: Completed refreshing gameplay variables.
13:22:34 - INFO - main_window.py - Gameflow Handler: User's SET-CODE role complete.
13:22:34 - INFO - main_window.py - Gameflow Handler: Turns taken by System to crack User's Code: 7
13:22:34 - INFO - main_window.py - UI Handler: Clearing all widgets in Screen-B Board...
13:22:34 - INFO - main_window.py - UI Handler: Completed clearing Screen-B Board.
13:22:34 - INFO - main_window.py - UI Handler: Swapping 'USER' and 'SYSTEM' labels on Screen-A...
13:22:34 - INFO - main_window.py - UI Handler: Completed swapping 'USER' and 'SYSTEM' labels on Screen-A.
13:22:34 - INFO - main_window.py - Gameflow Handler: User's next role: DE-CODE.
13:22:34 - INFO - main_window.py - UI Display: Rendering the Screen-B Board for current decoder: YOU...
13:22:34 - INFO - main_window.py - UI Display: Creating the header frame in Screen-B for current code-setter...
13:22:34 - INFO - main_window.py - UI Display: Created turn-label for Header.
13:22:34 - INFO - main_window.py - UI Display: Created Header Peg Slot Row for system.
13:22:34 - INFO - main_window.py - UI Display: Created turn-label for Header.
13:22:34 - INFO - main_window.py - UI Display: Created the header frame in Screen-B for current code-setter.
13:22:34 - INFO - main_window.py - UI Display: Completed rendering Screen-B Board for the current decoder.
13:22:34 - INFO - main_window.py - Gameflow Handler: Completed handling gameplay transition.
13:22:34 - INFO - main_window.py - ---
13:22:36 - INFO - main_window.py - ---
13:22:36 - INFO - main_window.py - Gameflow Handler: Handling gameplay flow...
13:22:36 - INFO - main_window.py - Gameflow Handler: Current User Role: DE-CODE
13:22:36 - INFO - main_window.py - Gameflow Handler: Current System Role: SET-CODE
13:22:36 - INFO - main_window.py - Gameflow Handler: Starting user decode game.
13:22:36 - INFO - main_window.py - Gameflow Handler: Handling User's start decode | System's start set-code game...
13:22:36 - INFO - main_window.py - Gameflow Handler: Disabled the 'START' gameplay button on Screen-A.
13:22:36 - INFO - logics.py - Util: Creating the colour code...
13:22:36 - INFO - logics.py - Util: Created the colour code: ['#FF0000', '#0048FF', '#F6FF00', '#6B1700', '#000000']
13:22:36 - INFO - main_window.py - System Gameplay: System has set ['#FF0000', '#0048FF', '#F6FF00', '#6B1700', '#000000'] as the code for user to crack.
13:22:36 - INFO - main_window.py - UI Display: Creating chat message for Screen-C >>>
13:22:36 - INFO - main_window.py - UI Display: Sender: SYSTEM | Message: I have set the secret code. Do you have what it takes to crack it?
Then go ahead and show me what SuperMastermind you are! Noob ;)
13:22:36 - INFO - main_window.py - UI Display: Completed creating chat message in Screen-C <<<
13:22:36 - INFO - main_window.py - UI Handler: Enabling System-Header 'REVEAL CODE' button. 
13:22:36 - INFO - main_window.py - UI Display: Creating chat message for Screen-C >>>
13:22:36 - INFO - main_window.py - UI Display: Sender: SYSTEM | Message: Oh by the way, if you click
on the 'REVEAL CODE ▶' button at any point of time in the game before you crack my code, you LOSE.
Want to be a Noob? Go ahead and click on 'REVEAL CODE ▶' ;)
13:22:36 - INFO - main_window.py - UI Display: Completed creating chat message in Screen-C <<<
13:22:36 - INFO - main_window.py - UI Display: Creating chat message for Screen-C >>>
13:22:36 - INFO - main_window.py - UI Display: Sender: YOU | Message: Who you calling a Noob, you Noobie?
I thought I already told I ain't quitting without winning. Don't whine from now itself. Lol.
13:22:36 - INFO - main_window.py - UI Display: Completed creating chat message in Screen-C <<<
13:22:36 - INFO - main_window.py - User Gameplay: Activating User's turn. Turn Number: 1
13:22:36 - INFO - main_window.py - UI Display: Creating TLPSF Row for current decoder: YOU for current turn: 1...
13:22:36 - INFO - main_window.py - UI Display: Created turn-label for turn number: 1
13:22:36 - INFO - main_window.py - UI Display: Created normal peg slot row for user's decoding turn.
13:22:36 - INFO - main_window.py - UI Display: Created feedback-label for turn number: 1
13:22:36 - INFO - main_window.py - UI Display: Created TLPSF Row for current decoder: YOU for current turn: 1
13:22:36 - INFO - main_window.py - User Gameplay: Code set by system: ['#FF0000', '#0048FF', '#F6FF00', '#6B1700', '#000000']
13:22:36 - INFO - main_window.py - User Gameplay: Enabling User's peg slot buttons...
13:22:36 - INFO - main_window.py - User Gameplay: Enabled User's peg slot buttons for turn: 1
13:22:36 - INFO - main_window.py - Gameflow Handler: Completed handling User's start decode | System's start set-code game.
13:22:36 - INFO - main_window.py - Gameflow Handler: Completed handling gameplay flow.
13:22:36 - INFO - main_window.py - ---
13:22:37 - INFO - main_window.py - User Gameplay: User has clicked the System's 'REVEAL CODE' button.
13:22:37 - INFO - main_window.py - User Gameplay: Revealed the System's Code: ['#FF0000', '#0048FF', '#F6FF00', '#6B1700', '#000000']
13:22:37 - INFO - main_window.py - ---
13:22:37 - INFO - main_window.py - Gameflow Handler: Handling gameplay ending...
13:22:37 - INFO - main_window.py - System Slots: {'btn1': <customtkinter.windows.widgets.ctk_button.CTkButton object .!mainwindow.!ctkframe.!ctkframe.!ctkframe2.!ctkframe2.!ctkframe.!ctkframe2.!ctkframe.!ctkbutton>, 'btn2': <customtkinter.windows.widgets.ctk_button.CTkButton object .!mainwindow.!ctkframe.!ctkframe.!ctkframe2.!ctkframe2.!ctkframe.!ctkframe2.!ctkframe.!ctkbutton2>, 'btn3': <customtkinter.windows.widgets.ctk_button.CTkButton object .!mainwindow.!ctkframe.!ctkframe.!ctkframe2.!ctkframe2.!ctkframe.!ctkframe2.!ctkframe.!ctkbutton3>, 'btn4': <customtkinter.windows.widgets.ctk_button.CTkButton object .!mainwindow.!ctkframe.!ctkframe.!ctkframe2.!ctkframe2.!ctkframe.!ctkframe2.!ctkframe.!ctkbutton4>, 'btn5': <customtkinter.windows.widgets.ctk_button.CTkButton object .!mainwindow.!ctkframe.!ctkframe.!ctkframe2.!ctkframe2.!ctkframe.!ctkframe2.!ctkframe.!ctkbutton5>, 'add_btn': <customtkinter.windows.widgets.ctk_button.CTkButton object .!mainwindow.!ctkframe.!ctkframe.!ctkframe2.!ctkframe2.!ctkframe.!ctkframe2.!ctkframe.!ctkbutton6>}
13:22:37 - INFO - main_window.py - Gameflow Handler: Disabled the 'REVEAL CODE' button.
13:22:37 - INFO - main_window.py - Gameflow Handler: Disabled the 'START' gameplay button.
13:22:37 - INFO - main_window.py - User Gameplay: Disabling User's peg slot buttons...
13:22:37 - INFO - main_window.py - User Gameplay: Completed disabling User's peg slot buttons.
13:22:37 - INFO - main_window.py - UI Display: Creating chat message for Screen-C >>>
13:22:37 - INFO - main_window.py - UI Display: Sender: SYSTEM | Message: So you've done it, heh.
I knew you were a Noob. Couldn't crack my Code? Accept it or not, I WIN!
This is GAME OVER! Now click on EXIT & GO HOME Noob.
Come back when you are ready! Hehe.
13:22:37 - INFO - main_window.py - UI Display: Completed creating chat message in Screen-C <<<
13:22:37 - INFO - main_window.py - UI Display: Creating chat message for Screen-C >>>
13:22:37 - INFO - main_window.py - UI Display: Sender: YOU | Message: I may have lost this game. But I'll be back.
Watch out for me, you noobie!
13:22:37 - INFO - main_window.py - UI Display: Completed creating chat message in Screen-C <<<
13:22:37 - INFO - main_window.py - Gameflow Handler: Declared the SYSTEM as WINNER.
13:22:37 - INFO - main_window.py - Gameflow Handler: GAME ENDED.
13:22:57 - INFO - main_window.py - ---
13:22:57 - INFO - main_window.py - UI Handler: User has clicked the EXIT ▶ button on Gameplay screento navigate to home screen.
13:22:57 - INFO - main_window.py - UI Handler: Handling home screen display >>>
13:22:57 - INFO - main_window.py - UI Handler: Cleared the Main Panel area.
13:22:57 - INFO - main_window.py - UI Handler: Completed resetting the App-State Variables.
13:22:57 - INFO - main_window.py - UI Display: Rendering home screen display...
13:22:57 - INFO - background.py - UI Background: Loading background image for HOME screen...
13:22:57 - INFO - logics.py - Util: Converting relative path to absolute path...
13:22:57 - INFO - logics.py - Util: Converted relative path to absolute path for the asset.
13:22:57 - INFO - background.py - UI Background: Loaded background image for HOME screen.
13:22:57 - INFO - main_window.py - UI Display: Loaded home screen content area.
13:22:57 - INFO - main_window.py - UI Display: Completed rendering home screen display.
13:22:57 - INFO - main_window.py - UI Display: Displaying home screen.
13:22:58 - INFO - main_window.py - UI Handler: Completed handling home screen display <<<
13:22:58 - INFO - main_window.py - ---
13:22:59 - INFO - background.py - Background: User has closed the application.
13:22:59 - INFO - background.py - Background: SuperMastermind application has stopped running.
13:22:59 - INFO - background.py - END
